====== HOST: master03.nextop.asia -  APP_NAME: webadmin -  LOGFILE: webadmin.2018-08-13.log =====
18-08-13 11:01:47.217 WARN [org.eclipse.jetty.server.session.HashSessionManager@d5eca06Timer session.scavenge:362]Problem scavenging sessions
java.lang.ClassCastException: org.eclipse.jetty.server.session.HashedSession cannot be cast to vn.nextop.ams.web.support.session.impl.XSession
	at vn.nextop.ams.admin.realtime.RealtimePortalHandler.sessionDestroyed(RealtimePortalHandler.java:126)
	at org.eclipse.jetty.server.session.AbstractSessionManager.removeSession(AbstractSessionManager.java:775)
	at org.eclipse.jetty.server.session.AbstractSession.timeout(AbstractSession.java:302)
	at org.eclipse.jetty.server.session.HashSessionManager.scavenge(HashSessionManager.java:358)
	at org.eclipse.jetty.server.session.HashSessionManager$Scavenger.run(HashSessionManager.java:84)
	at java.util.concurrent.Executors$RunnableAdapter.call(Executors.java:511)
	at java.util.concurrent.FutureTask.run(FutureTask.java:266)
	at java.util.concurrent.ScheduledThreadPoolExecutor$ScheduledFutureTask.access$201(ScheduledThreadPoolExecutor.java:180)
	at java.util.concurrent.ScheduledThreadPoolExecutor$ScheduledFutureTask.run(ScheduledThreadPoolExecutor.java:293)
	at java.util.concurrent.ThreadPoolExecutor.runWorker(ThreadPoolExecutor.java:1149)
	at java.util.concurrent.ThreadPoolExecutor$Worker.run(ThreadPoolExecutor.java:624)
	at java.lang.Thread.run(Thread.java:748)
====== HOST: master03.nextop.asia -  APP_NAME: webadmin -  LOGFILE: webadmin.2018-08-13.log =====
18-08-13 11:02:17.218 WARN [org.eclipse.jetty.server.session.HashSessionManager@d5eca06Timer session.scavenge:362]Problem scavenging sessions
java.lang.ClassCastException: org.eclipse.jetty.server.session.HashedSession cannot be cast to vn.nextop.ams.web.support.session.impl.XSession
	at vn.nextop.ams.admin.realtime.RealtimePortalHandler.sessionDestroyed(RealtimePortalHandler.java:126)
	at org.eclipse.jetty.server.session.AbstractSessionManager.removeSession(AbstractSessionManager.java:775)
	at org.eclipse.jetty.server.session.AbstractSession.timeout(AbstractSession.java:302)
	at org.eclipse.jetty.server.session.HashSessionManager.scavenge(HashSessionManager.java:358)
	at org.eclipse.jetty.server.session.HashSessionManager$Scavenger.run(HashSessionManager.java:84)
	at java.util.concurrent.Executors$RunnableAdapter.call(Executors.java:511)
	at java.util.concurrent.FutureTask.run(FutureTask.java:266)
	at java.util.concurrent.ScheduledThreadPoolExecutor$ScheduledFutureTask.access$201(ScheduledThreadPoolExecutor.java:180)
	at java.util.concurrent.ScheduledThreadPoolExecutor$ScheduledFutureTask.run(ScheduledThreadPoolExecutor.java:293)
	at java.util.concurrent.ThreadPoolExecutor.runWorker(ThreadPoolExecutor.java:1149)
	at java.util.concurrent.ThreadPoolExecutor$Worker.run(ThreadPoolExecutor.java:624)
	at java.lang.Thread.run(Thread.java:748)
====== HOST: master03.nextop.asia -  APP_NAME: webadmin -  LOGFILE: webadmin.2018-08-13.log =====
18-08-13 11:03:17.220 WARN [org.eclipse.jetty.server.session.HashSessionManager@d5eca06Timer session.scavenge:362]Problem scavenging sessions
java.lang.ClassCastException: org.eclipse.jetty.server.session.HashedSession cannot be cast to vn.nextop.ams.web.support.session.impl.XSession
	at vn.nextop.ams.admin.realtime.RealtimePortalHandler.sessionDestroyed(RealtimePortalHandler.java:126)
	at org.eclipse.jetty.server.session.AbstractSessionManager.removeSession(AbstractSessionManager.java:775)
	at org.eclipse.jetty.server.session.AbstractSession.timeout(AbstractSession.java:302)
	at org.eclipse.jetty.server.session.HashSessionManager.scavenge(HashSessionManager.java:358)
	at org.eclipse.jetty.server.session.HashSessionManager$Scavenger.run(HashSessionManager.java:84)
	at java.util.concurrent.Executors$RunnableAdapter.call(Executors.java:511)
	at java.util.concurrent.FutureTask.run(FutureTask.java:266)
	at java.util.concurrent.ScheduledThreadPoolExecutor$ScheduledFutureTask.access$201(ScheduledThreadPoolExecutor.java:180)
	at java.util.concurrent.ScheduledThreadPoolExecutor$ScheduledFutureTask.run(ScheduledThreadPoolExecutor.java:293)
	at java.util.concurrent.ThreadPoolExecutor.runWorker(ThreadPoolExecutor.java:1149)
	at java.util.concurrent.ThreadPoolExecutor$Worker.run(ThreadPoolExecutor.java:624)
	at java.lang.Thread.run(Thread.java:748)
====== HOST: master03.nextop.asia -  APP_NAME: webadmin -  LOGFILE: webadmin.2018-08-13.log =====
18-08-13 11:03:17.220 WARN [org.eclipse.jetty.server.session.HashSessionManager@d5eca06Timer session.scavenge:362]Problem scavenging sessions
java.lang.ClassCastException: org.eclipse.jetty.server.session.HashedSession cannot be cast to vn.nextop.ams.web.support.session.impl.XSession
	at vn.nextop.ams.admin.realtime.RealtimePortalHandler.sessionDestroyed(RealtimePortalHandler.java:126)
	at org.eclipse.jetty.server.session.AbstractSessionManager.removeSession(AbstractSessionManager.java:775)
	at org.eclipse.jetty.server.session.AbstractSession.timeout(AbstractSession.java:302)
	at org.eclipse.jetty.server.session.HashSessionManager.scavenge(HashSessionManager.java:358)
	at org.eclipse.jetty.server.session.HashSessionManager$Scavenger.run(HashSessionManager.java:84)
	at java.util.concurrent.Executors$RunnableAdapter.call(Executors.java:511)
	at java.util.concurrent.FutureTask.run(FutureTask.java:266)
	at java.util.concurrent.ScheduledThreadPoolExecutor$ScheduledFutureTask.access$201(ScheduledThreadPoolExecutor.java:180)
	at java.util.concurrent.ScheduledThreadPoolExecutor$ScheduledFutureTask.run(ScheduledThreadPoolExecutor.java:293)
	at java.util.concurrent.ThreadPoolExecutor.runWorker(ThreadPoolExecutor.java:1149)
	at java.util.concurrent.ThreadPoolExecutor$Worker.run(ThreadPoolExecutor.java:624)
	at java.lang.Thread.run(Thread.java:748)
====== HOST: node2.nextop.asia -  APP_NAME: server -  LOGFILE: server.2018-08-13.log =====
18-08-13 11:05:34.116 WARN [wallet.persister.database AbstractJournaler.loop:346][wallet.persister.database]failed to seek: 692099923671257141
====== HOST: node2.nextop.asia -  APP_NAME: server -  LOGFILE: server.2018-08-13.log =====
18-08-13 11:05:34.066 WARN [customer.persister.database AbstractJournaler.loop:346][customer.persister.database]failed to seek: 692474346093958189
====== HOST: node2.nextop.asia -  APP_NAME: server -  LOGFILE: server.2018-08-13.log =====
18-08-13 11:05:34.166 WARN [payment.persister.database AbstractJournaler.loop:346][payment.persister.database]failed to seek: 692373569912439333
====== HOST: master03.nextop.asia -  APP_NAME: payment -  LOGFILE: payment.2018-08-13.log =====
18-08-13 11:07:01.016 WARN [common.system.manager.scheduler-2 XConfig.get:171]get[MISS], domain: API, key: CUSTOMER_MONIOTR_ENABLED
====== HOST: master03.nextop.asia -  APP_NAME: payment -  LOGFILE: payment.2018-08-13.log =====
18-08-13 11:07:01.030 WARN [common.system.manager.scheduler-2 XConfig.get:171]get[MISS], domain: API, key: PAYMENT_MONIOTR_ENABLED
====== HOST: master03.nextop.asia -  APP_NAME: payment -  LOGFILE: payment.2018-08-13.log =====
18-08-13 11:07:01.039 WARN [common.system.manager.scheduler-2 XConfig.get:171]get[MISS], domain: API, key: WALLET_MONIOTR_ENABLED
====== HOST: master03.nextop.asia -  APP_NAME: payment -  LOGFILE: payment.2018-08-13.log =====
18-08-13 11:07:01.044 WARN [common.system.manager.scheduler-2 XConfig.get:171]get[MISS], domain: API, key: BATCH_NEWS_SCHEDULE_TIME_BEFORE
====== HOST: master03.nextop.asia -  APP_NAME: payment -  LOGFILE: payment.2018-08-13.log =====
18-08-13 11:07:01.105 WARN [common.system.manager.scheduler-2 XConfig.get:171]get[MISS], domain: SYNC, key: CUSTOMER_REPORT_TEMPLATE_PATH
====== HOST: master03.nextop.asia -  APP_NAME: payment -  LOGFILE: payment.2018-08-13.log =====
18-08-13 11:07:01.110 WARN [common.system.manager.scheduler-2 XConfig.get:171]get[MISS], domain: SYNC, key: PAYMENT_SNAPSHOT_SCAN_RETRIES
====== HOST: master03.nextop.asia -  APP_NAME: payment -  LOGFILE: payment.2018-08-13.log =====
18-08-13 11:07:01.154 WARN [common.system.manager.scheduler-2 XConfig.get:171]get[MISS], domain: WALLET, key: MAIL_SCHEDULE_ENABLE_MONITOR_JOBS
====== HOST: master03.nextop.asia -  APP_NAME: payment -  LOGFILE: payment.2018-08-13.log =====
18-08-13 11:07:01.158 WARN [common.system.manager.scheduler-2 XConfig.get:171]get[MISS], domain: WALLET, key: MAIL_SCHEDULE_VALIDATE_END_OF_WEEK_DAY
====== HOST: master03.nextop.asia -  APP_NAME: payment -  LOGFILE: payment.2018-08-13.log =====
18-08-13 11:07:01.093 WARN [common.system.manager.scheduler-2 XConfig.get:171]get[MISS], domain: SYNC, key: CUSTOMER_REPORT_PATH
====== HOST: master03.nextop.asia -  APP_NAME: payment -  LOGFILE: payment.2018-08-13.log =====
18-08-13 11:07:01.100 WARN [common.system.manager.scheduler-2 XConfig.get:171]get[MISS], domain: SYNC, key: SYSTEM_REPORT_TEMPLATE_PATH
====== HOST: master03.nextop.asia -  APP_NAME: payment -  LOGFILE: payment.2018-08-13.log =====
18-08-13 11:07:01.145 WARN [common.system.manager.scheduler-2 XConfig.get:171]get[MISS], domain: WALLET, key: MAIL_SAVE_DB_INTERVAL_TIME
====== HOST: master03.nextop.asia -  APP_NAME: payment -  LOGFILE: payment.2018-08-13.log =====
18-08-13 11:07:01.149 WARN [common.system.manager.scheduler-2 XConfig.get:171]get[MISS], domain: WALLET, key: MAIL_SCHEDULE_DELAY_SEND_SECONDS
====== HOST: master03.nextop.asia -  APP_NAME: payment -  LOGFILE: payment.2018-08-13.log =====
18-08-13 11:07:01.047 WARN [common.system.manager.scheduler-2 XConfig.get:171]get[MISS], domain: DEBUG, key: COMMON_VALIDATOR_VERBOSE
====== HOST: master03.nextop.asia -  APP_NAME: payment -  LOGFILE: payment.2018-08-13.log =====
18-08-13 11:07:01.063 WARN [common.system.manager.scheduler-2 XConfig.get:171]get[MISS], domain: SYNC, key: COMPANY_CACHE_CAPACITY
====== HOST: master03.nextop.asia -  APP_NAME: payment -  LOGFILE: payment.2018-08-13.log =====
18-08-13 11:07:01.115 WARN [common.system.manager.scheduler-2 XConfig.get:171]get[MISS], domain: SYNC, key: CUSTOMER_SNAPSHOT_SCAN_RETRIES
====== HOST: master03.nextop.asia -  APP_NAME: payment -  LOGFILE: payment.2018-08-13.log =====
18-08-13 11:07:01.119 WARN [common.system.manager.scheduler-2 XConfig.get:171]get[MISS], domain: WALLET, key: MAIL_TRACE_URL
====== HOST: master03.nextop.asia -  APP_NAME: payment -  LOGFILE: payment.2018-08-13.log =====
18-08-13 11:07:01.125 WARN [common.system.manager.scheduler-2 XConfig.get:171]get[MISS], domain: WALLET, key: MAIL_SAVE_DB_SLEEP
====== HOST: master03.nextop.asia -  APP_NAME: payment -  LOGFILE: payment.2018-08-13.log =====
18-08-13 11:07:01.163 WARN [common.system.manager.scheduler-2 XConfig.get:171]get[MISS], domain: WALLET, key: MAIL_SCHEDULE_VALIDATE_END_OF_WEEK_TIME
====== HOST: master03.nextop.asia -  APP_NAME: payment -  LOGFILE: payment.2018-08-13.log =====
18-08-13 11:07:01.068 WARN [common.system.manager.scheduler-2 XConfig.get:171]get[MISS], domain: SYNC, key: COMPANY_INDEX_CAPACITY
====== HOST: master03.nextop.asia -  APP_NAME: payment -  LOGFILE: payment.2018-08-13.log =====
18-08-13 11:07:01.078 WARN [common.system.manager.scheduler-2 XConfig.get:171]get[MISS], domain: SYNC, key: CUSTOMER_REPORT_CACHE_CAPACITY
====== HOST: master03.nextop.asia -  APP_NAME: payment -  LOGFILE: payment.2018-08-13.log =====
18-08-13 11:07:01.083 WARN [common.system.manager.scheduler-2 XConfig.get:171]get[MISS], domain: SYNC, key: CUSTOMER_REPORT_INDEX_CAPACITY
====== HOST: master03.nextop.asia -  APP_NAME: payment -  LOGFILE: payment.2018-08-13.log =====
18-08-13 11:07:01.088 WARN [common.system.manager.scheduler-2 XConfig.get:171]get[MISS], domain: SYNC, key: SYSTEM_REPORT_PATH
====== HOST: master03.nextop.asia -  APP_NAME: payment -  LOGFILE: payment.2018-08-13.log =====
18-08-13 11:07:01.130 WARN [common.system.manager.scheduler-2 XConfig.get:171]get[MISS], domain: WALLET, key: MAIL_REQUEST_TIMEOUT
====== HOST: master03.nextop.asia -  APP_NAME: payment -  LOGFILE: payment.2018-08-13.log =====
18-08-13 11:07:01.135 WARN [common.system.manager.scheduler-2 XConfig.get:171]get[MISS], domain: WALLET, key: MAIL_SAVE_DB_BATCH_SIZE
====== HOST: master03.nextop.asia -  APP_NAME: payment -  LOGFILE: payment.2018-08-13.log =====
18-08-13 11:07:01.140 WARN [common.system.manager.scheduler-2 XConfig.get:171]get[MISS], domain: WALLET, key: MAIL_SAVE_DB_RETRY_TIME
====== HOST: node2.nextop.asia -  APP_NAME: server -  LOGFILE: server.2018-08-13.log =====
18-08-13 11:07:01.055 WARN [common.system.administrator.scheduler-2 XConfig.get:171]get[MISS], domain: SYNC, key: CUSTOMER_REPORT_INDEX_CAPACITY
====== HOST: node2.nextop.asia -  APP_NAME: server -  LOGFILE: server.2018-08-13.log =====
18-08-13 11:07:01.085 WARN [common.system.administrator.scheduler-2 XConfig.get:171]get[MISS], domain: WALLET, key: MAIL_SAVE_DB_BATCH_SIZE
====== HOST: node2.nextop.asia -  APP_NAME: server -  LOGFILE: server.2018-08-13.log =====
18-08-13 11:07:01.092 WARN [common.system.administrator.scheduler-2 XConfig.get:171]get[MISS], domain: WALLET, key: MAIL_SAVE_DB_RETRY_TIME
====== HOST: node2.nextop.asia -  APP_NAME: server -  LOGFILE: server.2018-08-13.log =====
18-08-13 11:07:01.058 WARN [common.system.administrator.scheduler-2 XConfig.get:171]get[MISS], domain: SYNC, key: SYSTEM_REPORT_PATH
====== HOST: node2.nextop.asia -  APP_NAME: server -  LOGFILE: server.2018-08-13.log =====
18-08-13 11:07:01.061 WARN [common.system.administrator.scheduler-2 XConfig.get:171]get[MISS], domain: SYNC, key: CUSTOMER_REPORT_PATH
====== HOST: node2.nextop.asia -  APP_NAME: server -  LOGFILE: server.2018-08-13.log =====
18-08-13 11:07:01.063 WARN [common.system.administrator.scheduler-2 XConfig.get:171]get[MISS], domain: SYNC, key: SYSTEM_REPORT_TEMPLATE_PATH
====== HOST: node2.nextop.asia -  APP_NAME: server -  LOGFILE: server.2018-08-13.log =====
18-08-13 11:07:01.095 WARN [common.system.administrator.scheduler-2 XConfig.get:171]get[MISS], domain: WALLET, key: MAIL_SAVE_DB_INTERVAL_TIME
====== HOST: node2.nextop.asia -  APP_NAME: server -  LOGFILE: server.2018-08-13.log =====
18-08-13 11:07:01.075 WARN [common.system.administrator.scheduler-2 XConfig.get:171]get[MISS], domain: WALLET, key: MAIL_TRACE_URL
====== HOST: node2.nextop.asia -  APP_NAME: server -  LOGFILE: server.2018-08-13.log =====
18-08-13 11:07:01.103 WARN [common.system.administrator.scheduler-2 XConfig.get:171]get[MISS], domain: WALLET, key: MAIL_SCHEDULE_VALIDATE_END_OF_WEEK_DAY
====== HOST: node2.nextop.asia -  APP_NAME: server -  LOGFILE: server.2018-08-13.log =====
18-08-13 11:07:01.027 WARN [common.system.administrator.scheduler-2 XConfig.get:171]get[MISS], domain: API, key: PAYMENT_MONIOTR_ENABLED
====== HOST: node2.nextop.asia -  APP_NAME: server -  LOGFILE: server.2018-08-13.log =====
18-08-13 11:07:01.033 WARN [common.system.administrator.scheduler-2 XConfig.get:171]get[MISS], domain: API, key: WALLET_MONIOTR_ENABLED
====== HOST: node2.nextop.asia -  APP_NAME: server -  LOGFILE: server.2018-08-13.log =====
18-08-13 11:07:01.035 WARN [common.system.administrator.scheduler-2 XConfig.get:171]get[MISS], domain: API, key: BATCH_NEWS_SCHEDULE_TIME_BEFORE
====== HOST: node2.nextop.asia -  APP_NAME: server -  LOGFILE: server.2018-08-13.log =====
18-08-13 11:07:01.036 WARN [common.system.administrator.scheduler-2 XConfig.get:171]get[MISS], domain: DEBUG, key: COMMON_VALIDATOR_VERBOSE
====== HOST: node2.nextop.asia -  APP_NAME: server -  LOGFILE: server.2018-08-13.log =====
18-08-13 11:07:01.043 WARN [common.system.administrator.scheduler-2 XConfig.get:171]get[MISS], domain: SYNC, key: COMPANY_CACHE_CAPACITY
====== HOST: node2.nextop.asia -  APP_NAME: server -  LOGFILE: server.2018-08-13.log =====
18-08-13 11:07:01.047 WARN [common.system.administrator.scheduler-2 XConfig.get:171]get[MISS], domain: SYNC, key: COMPANY_INDEX_CAPACITY
====== HOST: node2.nextop.asia -  APP_NAME: server -  LOGFILE: server.2018-08-13.log =====
18-08-13 11:07:01.050 WARN [common.system.administrator.scheduler-2 XConfig.get:171]get[MISS], domain: SYNC, key: CUSTOMER_REPORT_CACHE_CAPACITY
====== HOST: node2.nextop.asia -  APP_NAME: server -  LOGFILE: server.2018-08-13.log =====
18-08-13 11:07:01.082 WARN [common.system.administrator.scheduler-2 XConfig.get:171]get[MISS], domain: WALLET, key: MAIL_REQUEST_TIMEOUT
====== HOST: node2.nextop.asia -  APP_NAME: server -  LOGFILE: server.2018-08-13.log =====
18-08-13 11:07:01.068 WARN [common.system.administrator.scheduler-2 XConfig.get:171]get[MISS], domain: SYNC, key: CUSTOMER_REPORT_TEMPLATE_PATH
====== HOST: node2.nextop.asia -  APP_NAME: server -  LOGFILE: server.2018-08-13.log =====
18-08-13 11:07:01.073 WARN [common.system.administrator.scheduler-2 XConfig.get:171]get[MISS], domain: SYNC, key: CUSTOMER_SNAPSHOT_SCAN_RETRIES
====== HOST: node2.nextop.asia -  APP_NAME: server -  LOGFILE: server.2018-08-13.log =====
18-08-13 11:07:01.101 WARN [common.system.administrator.scheduler-2 XConfig.get:171]get[MISS], domain: WALLET, key: MAIL_SCHEDULE_ENABLE_MONITOR_JOBS
====== HOST: node2.nextop.asia -  APP_NAME: server -  LOGFILE: server.2018-08-13.log =====
18-08-13 11:07:01.071 WARN [common.system.administrator.scheduler-2 XConfig.get:171]get[MISS], domain: SYNC, key: PAYMENT_SNAPSHOT_SCAN_RETRIES
====== HOST: node2.nextop.asia -  APP_NAME: server -  LOGFILE: server.2018-08-13.log =====
18-08-13 11:07:01.098 WARN [common.system.administrator.scheduler-2 XConfig.get:171]get[MISS], domain: WALLET, key: MAIL_SCHEDULE_DELAY_SEND_SECONDS
====== HOST: node2.nextop.asia -  APP_NAME: server -  LOGFILE: server.2018-08-13.log =====
18-08-13 11:07:01.024 WARN [common.system.administrator.scheduler-2 XConfig.get:171]get[MISS], domain: API, key: CUSTOMER_MONIOTR_ENABLED
====== HOST: node2.nextop.asia -  APP_NAME: server -  LOGFILE: server.2018-08-13.log =====
18-08-13 11:07:01.079 WARN [common.system.administrator.scheduler-2 XConfig.get:171]get[MISS], domain: WALLET, key: MAIL_SAVE_DB_SLEEP
====== HOST: node2.nextop.asia -  APP_NAME: server -  LOGFILE: server.2018-08-13.log =====
18-08-13 11:07:01.106 WARN [common.system.administrator.scheduler-2 XConfig.get:171]get[MISS], domain: WALLET, key: MAIL_SCHEDULE_VALIDATE_END_OF_WEEK_TIME
====== HOST: master03.nextop.asia -  APP_NAME: payment -  LOGFILE: payment.2018-08-13.log =====
18-08-13 11:07:01.168 WARN [common.system.manager.scheduler-2 XConfig.get:171]get[MISS], domain: WALLET, key: MAIL_SCHEDULE_VALIDATE_STOP_SEND_BEFORE_MAINTAIN_MINUTES
====== HOST: node2.nextop.asia -  APP_NAME: server -  LOGFILE: server.2018-08-13.log =====
18-08-13 11:07:01.108 WARN [common.system.administrator.scheduler-2 XConfig.get:171]get[MISS], domain: WALLET, key: MAIL_SCHEDULE_VALIDATE_STOP_SEND_BEFORE_MAINTAIN_MINUTES
====== HOST: node2.nextop.asia -  APP_NAME: customer -  LOGFILE: customer.2018-08-13.log =====
18-08-13 11:08:01.023 WARN [common.system.manager.scheduler-2 XConfig.get:171]get[MISS], domain: API, key: PAYMENT_MONIOTR_ENABLED
====== HOST: node2.nextop.asia -  APP_NAME: customer -  LOGFILE: customer.2018-08-13.log =====
18-08-13 11:08:01.073 WARN [common.system.manager.scheduler-2 XConfig.get:171]get[MISS], domain: SYNC, key: SYSTEM_REPORT_PATH
====== HOST: node2.nextop.asia -  APP_NAME: customer -  LOGFILE: customer.2018-08-13.log =====
18-08-13 11:08:01.120 WARN [common.system.manager.scheduler-2 XConfig.get:171]get[MISS], domain: WALLET, key: MAIL_REQUEST_TIMEOUT
====== HOST: node2.nextop.asia -  APP_NAME: customer -  LOGFILE: customer.2018-08-13.log =====
18-08-13 11:08:01.011 WARN [common.system.manager.scheduler-2 XConfig.get:171]get[MISS], domain: API, key: CUSTOMER_MONIOTR_ENABLED
====== HOST: node2.nextop.asia -  APP_NAME: customer -  LOGFILE: customer.2018-08-13.log =====
18-08-13 11:08:01.065 WARN [common.system.manager.scheduler-2 XConfig.get:171]get[MISS], domain: SYNC, key: CUSTOMER_REPORT_INDEX_CAPACITY
====== HOST: node2.nextop.asia -  APP_NAME: customer -  LOGFILE: customer.2018-08-13.log =====
18-08-13 11:08:01.113 WARN [common.system.manager.scheduler-2 XConfig.get:171]get[MISS], domain: WALLET, key: MAIL_SAVE_DB_SLEEP
====== HOST: node2.nextop.asia -  APP_NAME: customer -  LOGFILE: customer.2018-08-13.log =====
18-08-13 11:08:01.153 WARN [common.system.manager.scheduler-2 XConfig.get:171]get[MISS], domain: WALLET, key: MAIL_SCHEDULE_VALIDATE_END_OF_WEEK_TIME
====== HOST: node2.nextop.asia -  APP_NAME: customer -  LOGFILE: customer.2018-08-13.log =====
18-08-13 11:08:01.030 WARN [common.system.manager.scheduler-2 XConfig.get:171]get[MISS], domain: API, key: WALLET_MONIOTR_ENABLED
====== HOST: node2.nextop.asia -  APP_NAME: customer -  LOGFILE: customer.2018-08-13.log =====
18-08-13 11:08:01.077 WARN [common.system.manager.scheduler-2 XConfig.get:171]get[MISS], domain: SYNC, key: CUSTOMER_REPORT_PATH
====== HOST: node2.nextop.asia -  APP_NAME: customer -  LOGFILE: customer.2018-08-13.log =====
18-08-13 11:08:01.125 WARN [common.system.manager.scheduler-2 XConfig.get:171]get[MISS], domain: WALLET, key: MAIL_SAVE_DB_BATCH_SIZE
====== HOST: node2.nextop.asia -  APP_NAME: customer -  LOGFILE: customer.2018-08-13.log =====
18-08-13 11:08:01.039 WARN [common.system.manager.scheduler-2 XConfig.get:171]get[MISS], domain: DEBUG, key: COMMON_VALIDATOR_VERBOSE
====== HOST: node2.nextop.asia -  APP_NAME: customer -  LOGFILE: customer.2018-08-13.log =====
18-08-13 11:08:01.088 WARN [common.system.manager.scheduler-2 XConfig.get:171]get[MISS], domain: SYNC, key: CUSTOMER_REPORT_TEMPLATE_PATH
====== HOST: node2.nextop.asia -  APP_NAME: customer -  LOGFILE: customer.2018-08-13.log =====
18-08-13 11:08:01.135 WARN [common.system.manager.scheduler-2 XConfig.get:171]get[MISS], domain: WALLET, key: MAIL_SAVE_DB_INTERVAL_TIME
====== HOST: node2.nextop.asia -  APP_NAME: customer -  LOGFILE: customer.2018-08-13.log =====
18-08-13 11:08:01.059 WARN [common.system.manager.scheduler-2 XConfig.get:171]get[MISS], domain: SYNC, key: CUSTOMER_REPORT_CACHE_CAPACITY
====== HOST: node2.nextop.asia -  APP_NAME: customer -  LOGFILE: customer.2018-08-13.log =====
18-08-13 11:08:01.109 WARN [common.system.manager.scheduler-2 XConfig.get:171]get[MISS], domain: WALLET, key: MAIL_TRACE_URL
====== HOST: node2.nextop.asia -  APP_NAME: customer -  LOGFILE: customer.2018-08-13.log =====
18-08-13 11:08:01.147 WARN [common.system.manager.scheduler-2 XConfig.get:171]get[MISS], domain: WALLET, key: MAIL_SCHEDULE_VALIDATE_END_OF_WEEK_DAY
====== HOST: node2.nextop.asia -  APP_NAME: customer -  LOGFILE: customer.2018-08-13.log =====
18-08-13 11:08:01.055 WARN [common.system.manager.scheduler-2 XConfig.get:171]get[MISS], domain: SYNC, key: COMPANY_INDEX_CAPACITY
====== HOST: node2.nextop.asia -  APP_NAME: customer -  LOGFILE: customer.2018-08-13.log =====
18-08-13 11:08:01.100 WARN [common.system.manager.scheduler-2 XConfig.get:171]get[MISS], domain: SYNC, key: CUSTOMER_SNAPSHOT_SCAN_RETRIES
====== HOST: node2.nextop.asia -  APP_NAME: customer -  LOGFILE: customer.2018-08-13.log =====
18-08-13 11:08:01.143 WARN [common.system.manager.scheduler-2 XConfig.get:171]get[MISS], domain: WALLET, key: MAIL_SCHEDULE_ENABLE_MONITOR_JOBS
====== HOST: node2.nextop.asia -  APP_NAME: customer -  LOGFILE: customer.2018-08-13.log =====
18-08-13 11:08:01.035 WARN [common.system.manager.scheduler-2 XConfig.get:171]get[MISS], domain: API, key: BATCH_NEWS_SCHEDULE_TIME_BEFORE
====== HOST: node2.nextop.asia -  APP_NAME: customer -  LOGFILE: customer.2018-08-13.log =====
18-08-13 11:08:01.083 WARN [common.system.manager.scheduler-2 XConfig.get:171]get[MISS], domain: SYNC, key: SYSTEM_REPORT_TEMPLATE_PATH
====== HOST: node2.nextop.asia -  APP_NAME: customer -  LOGFILE: customer.2018-08-13.log =====
18-08-13 11:08:01.130 WARN [common.system.manager.scheduler-2 XConfig.get:171]get[MISS], domain: WALLET, key: MAIL_SAVE_DB_RETRY_TIME
====== HOST: node2.nextop.asia -  APP_NAME: customer -  LOGFILE: customer.2018-08-13.log =====
18-08-13 11:08:01.050 WARN [common.system.manager.scheduler-2 XConfig.get:171]get[MISS], domain: SYNC, key: COMPANY_CACHE_CAPACITY
====== HOST: node2.nextop.asia -  APP_NAME: customer -  LOGFILE: customer.2018-08-13.log =====
18-08-13 11:08:01.095 WARN [common.system.manager.scheduler-2 XConfig.get:171]get[MISS], domain: SYNC, key: PAYMENT_SNAPSHOT_SCAN_RETRIES
====== HOST: node2.nextop.asia -  APP_NAME: customer -  LOGFILE: customer.2018-08-13.log =====
18-08-13 11:08:01.139 WARN [common.system.manager.scheduler-2 XConfig.get:171]get[MISS], domain: WALLET, key: MAIL_SCHEDULE_DELAY_SEND_SECONDS
====== HOST: node2.nextop.asia -  APP_NAME: wallet -  LOGFILE: wallet.2018-08-13.log =====
18-08-13 11:08:01.077 WARN [common.system.manager.scheduler-2 XConfig.get:171]get[MISS], domain: SYNC, key: SYSTEM_REPORT_PATH
====== HOST: node2.nextop.asia -  APP_NAME: wallet -  LOGFILE: wallet.2018-08-13.log =====
18-08-13 11:08:01.092 WARN [common.system.manager.scheduler-2 XConfig.get:171]get[MISS], domain: SYNC, key: CUSTOMER_REPORT_TEMPLATE_PATH
====== HOST: node2.nextop.asia -  APP_NAME: wallet -  LOGFILE: wallet.2018-08-13.log =====
18-08-13 11:08:01.097 WARN [common.system.manager.scheduler-2 XConfig.get:171]get[MISS], domain: SYNC, key: PAYMENT_SNAPSHOT_SCAN_RETRIES
====== HOST: node2.nextop.asia -  APP_NAME: wallet -  LOGFILE: wallet.2018-08-13.log =====
18-08-13 11:08:01.136 WARN [common.system.manager.scheduler-2 XConfig.get:171]get[MISS], domain: WALLET, key: MAIL_SAVE_DB_RETRY_TIME
====== HOST: node2.nextop.asia -  APP_NAME: wallet -  LOGFILE: wallet.2018-08-13.log =====
18-08-13 11:08:01.087 WARN [common.system.manager.scheduler-2 XConfig.get:171]get[MISS], domain: SYNC, key: SYSTEM_REPORT_TEMPLATE_PATH
====== HOST: node2.nextop.asia -  APP_NAME: wallet -  LOGFILE: wallet.2018-08-13.log =====
18-08-13 11:08:01.131 WARN [common.system.manager.scheduler-2 XConfig.get:171]get[MISS], domain: WALLET, key: MAIL_SAVE_DB_BATCH_SIZE
====== HOST: node2.nextop.asia -  APP_NAME: wallet -  LOGFILE: wallet.2018-08-13.log =====
18-08-13 11:08:01.147 WARN [common.system.manager.scheduler-2 XConfig.get:171]get[MISS], domain: WALLET, key: MAIL_SCHEDULE_DELAY_SEND_SECONDS
====== HOST: node2.nextop.asia -  APP_NAME: wallet -  LOGFILE: wallet.2018-08-13.log =====
18-08-13 11:08:01.153 WARN [common.system.manager.scheduler-2 XConfig.get:171]get[MISS], domain: WALLET, key: MAIL_SCHEDULE_ENABLE_MONITOR_JOBS
====== HOST: node2.nextop.asia -  APP_NAME: wallet -  LOGFILE: wallet.2018-08-13.log =====
18-08-13 11:08:01.081 WARN [common.system.manager.scheduler-2 XConfig.get:171]get[MISS], domain: SYNC, key: CUSTOMER_REPORT_PATH
====== HOST: node2.nextop.asia -  APP_NAME: wallet -  LOGFILE: wallet.2018-08-13.log =====
18-08-13 11:08:01.142 WARN [common.system.manager.scheduler-2 XConfig.get:171]get[MISS], domain: WALLET, key: MAIL_SAVE_DB_INTERVAL_TIME
====== HOST: node2.nextop.asia -  APP_NAME: wallet -  LOGFILE: wallet.2018-08-13.log =====
18-08-13 11:08:01.027 WARN [common.system.manager.scheduler-2 XConfig.get:171]get[MISS], domain: API, key: CUSTOMER_MONIOTR_ENABLED
====== HOST: node2.nextop.asia -  APP_NAME: wallet -  LOGFILE: wallet.2018-08-13.log =====
18-08-13 11:08:01.034 WARN [common.system.manager.scheduler-2 XConfig.get:171]get[MISS], domain: API, key: PAYMENT_MONIOTR_ENABLED
====== HOST: node2.nextop.asia -  APP_NAME: wallet -  LOGFILE: wallet.2018-08-13.log =====
18-08-13 11:08:01.039 WARN [common.system.manager.scheduler-2 XConfig.get:171]get[MISS], domain: API, key: WALLET_MONIOTR_ENABLED
====== HOST: node2.nextop.asia -  APP_NAME: wallet -  LOGFILE: wallet.2018-08-13.log =====
18-08-13 11:08:01.044 WARN [common.system.manager.scheduler-2 XConfig.get:171]get[MISS], domain: API, key: BATCH_NEWS_SCHEDULE_TIME_BEFORE
====== HOST: node2.nextop.asia -  APP_NAME: wallet -  LOGFILE: wallet.2018-08-13.log =====
18-08-13 11:08:01.047 WARN [common.system.manager.scheduler-2 XConfig.get:171]get[MISS], domain: DEBUG, key: COMMON_VALIDATOR_VERBOSE
====== HOST: node2.nextop.asia -  APP_NAME: wallet -  LOGFILE: wallet.2018-08-13.log =====
18-08-13 11:08:01.052 WARN [common.system.manager.scheduler-2 XConfig.get:171]get[MISS], domain: SYNC, key: COMPANY_CACHE_CAPACITY
====== HOST: node2.nextop.asia -  APP_NAME: wallet -  LOGFILE: wallet.2018-08-13.log =====
18-08-13 11:08:01.059 WARN [common.system.manager.scheduler-2 XConfig.get:171]get[MISS], domain: SYNC, key: COMPANY_INDEX_CAPACITY
====== HOST: node2.nextop.asia -  APP_NAME: wallet -  LOGFILE: wallet.2018-08-13.log =====
18-08-13 11:08:01.066 WARN [common.system.manager.scheduler-2 XConfig.get:171]get[MISS], domain: SYNC, key: CUSTOMER_REPORT_CACHE_CAPACITY
====== HOST: node2.nextop.asia -  APP_NAME: wallet -  LOGFILE: wallet.2018-08-13.log =====
18-08-13 11:08:01.072 WARN [common.system.manager.scheduler-2 XConfig.get:171]get[MISS], domain: SYNC, key: CUSTOMER_REPORT_INDEX_CAPACITY
====== HOST: node2.nextop.asia -  APP_NAME: wallet -  LOGFILE: wallet.2018-08-13.log =====
18-08-13 11:08:01.108 WARN [common.system.manager.scheduler-2 XConfig.get:171]get[MISS], domain: SYNC, key: CUSTOMER_SNAPSHOT_SCAN_RETRIES
====== HOST: node2.nextop.asia -  APP_NAME: wallet -  LOGFILE: wallet.2018-08-13.log =====
18-08-13 11:08:01.115 WARN [common.system.manager.scheduler-2 XConfig.get:171]get[MISS], domain: WALLET, key: MAIL_TRACE_URL
====== HOST: node2.nextop.asia -  APP_NAME: wallet -  LOGFILE: wallet.2018-08-13.log =====
18-08-13 11:08:01.120 WARN [common.system.manager.scheduler-2 XConfig.get:171]get[MISS], domain: WALLET, key: MAIL_SAVE_DB_SLEEP
====== HOST: node2.nextop.asia -  APP_NAME: wallet -  LOGFILE: wallet.2018-08-13.log =====
18-08-13 11:08:01.125 WARN [common.system.manager.scheduler-2 XConfig.get:171]get[MISS], domain: WALLET, key: MAIL_REQUEST_TIMEOUT
====== HOST: node2.nextop.asia -  APP_NAME: wallet -  LOGFILE: wallet.2018-08-13.log =====
18-08-13 11:08:01.164 WARN [common.system.manager.scheduler-2 XConfig.get:171]get[MISS], domain: WALLET, key: MAIL_SCHEDULE_VALIDATE_END_OF_WEEK_DAY
====== HOST: node2.nextop.asia -  APP_NAME: wallet -  LOGFILE: wallet.2018-08-13.log =====
18-08-13 11:08:01.172 WARN [common.system.manager.scheduler-2 XConfig.get:171]get[MISS], domain: WALLET, key: MAIL_SCHEDULE_VALIDATE_END_OF_WEEK_TIME
====== HOST: node2.nextop.asia -  APP_NAME: customer -  LOGFILE: customer.2018-08-13.log =====
18-08-13 11:08:01.163 WARN [common.system.manager.scheduler-2 XConfig.get:171]get[MISS], domain: WALLET, key: MAIL_SCHEDULE_VALIDATE_STOP_SEND_BEFORE_MAINTAIN_MINUTES
====== HOST: node2.nextop.asia -  APP_NAME: wallet -  LOGFILE: wallet.2018-08-13.log =====
18-08-13 11:08:01.181 WARN [common.system.manager.scheduler-2 XConfig.get:171]get[MISS], domain: WALLET, key: MAIL_SCHEDULE_VALIDATE_STOP_SEND_BEFORE_MAINTAIN_MINUTES
====== HOST: node2.nextop.asia -  APP_NAME: mailscheduler -  LOGFILE: mailscheduler.2018-08-13.log =====
18-08-13 11:08:37.905 ERROR[main MailSchedulerMng.loadScheduleConfig:206]Can't get mailTemplate by ID: 48297
====== HOST: node2.nextop.asia -  APP_NAME: mailscheduler -  LOGFILE: mailscheduler.2018-08-13.log =====
18-08-13 11:08:37.945 ERROR[main MailSchedulerMng.loadScheduleConfig:206]Can't get mailTemplate by ID: 48329
====== HOST: node2.nextop.asia -  APP_NAME: mailscheduler -  LOGFILE: mailscheduler.2018-08-13.log =====
18-08-13 11:08:37.935 ERROR[main MailSchedulerMng.loadScheduleConfig:206]Can't get mailTemplate by ID: 48297
====== HOST: node2.nextop.asia -  APP_NAME: mailscheduler -  LOGFILE: mailscheduler.2018-08-13.log =====
18-08-13 11:08:37.925 ERROR[main MailSchedulerMng.loadScheduleConfig:206]Can't get mailTemplate by ID: 48297
====== HOST: node2.nextop.asia -  APP_NAME: mailscheduler -  LOGFILE: mailscheduler.2018-08-13.log =====
18-08-13 11:08:37.910 ERROR[main MailSchedulerMng.loadScheduleConfig:206]Can't get mailTemplate by ID: 48297
====== HOST: node2.nextop.asia -  APP_NAME: mailscheduler -  LOGFILE: mailscheduler.2018-08-13.log =====
18-08-13 11:08:37.920 ERROR[main MailSchedulerMng.loadScheduleConfig:206]Can't get mailTemplate by ID: 48297
====== HOST: node2.nextop.asia -  APP_NAME: mailscheduler -  LOGFILE: mailscheduler.2018-08-13.log =====
18-08-13 11:08:37.914 ERROR[main MailSchedulerMng.loadScheduleConfig:206]Can't get mailTemplate by ID: 48297
====== HOST: node2.nextop.asia -  APP_NAME: mailscheduler -  LOGFILE: mailscheduler.2018-08-13.log =====
18-08-13 11:08:37.930 ERROR[main MailSchedulerMng.loadScheduleConfig:206]Can't get mailTemplate by ID: 48297
====== HOST: node2.nextop.asia -  APP_NAME: mailscheduler -  LOGFILE: mailscheduler.2018-08-13.log =====
18-08-13 11:08:37.896 ERROR[main MailSchedulerMng.loadScheduleConfig:206]Can't get mailTemplate by ID: 48297
====== HOST: node2.nextop.asia -  APP_NAME: mailscheduler -  LOGFILE: mailscheduler.2018-08-13.log =====
18-08-13 11:08:37.941 ERROR[main MailSchedulerMng.loadScheduleConfig:206]Can't get mailTemplate by ID: 48297


